2025-08-23 02:18:10,634 - main - INFO - [req_1755933490634] Request started: GET http://localhost:8000/api/test
2025-08-23 02:18:10,637 - main - INFO - [unknown] Test endpoint accessed for Task 1.1
2025-08-23 02:18:10,640 - main - INFO - [unknown] Test data prepared: {'frontend_backend_connection': 'successful', 'logging_system': 'operational', 'timestamp_server': '2025-08-23T02:18:10.639231', 'request_method': 'GET', 'request_url': 'http://localhost:8000/api/test', 'user_agent': 'Mozilla/5.0 (Windows NT 10.0; Win64; x64; rv:142.0) Gecko/20100101 Firefox/142.0', 'task': '1.1 - Basic FastAPI-Next.js Integration Test'}
2025-08-23 02:18:10,644 - main - INFO - [unknown] Test endpoint response prepared successfully
2025-08-23 02:18:10,652 - main - INFO - [req_1755933490634] Request completed: 200 in 0.0176s
2025-08-23 02:25:49,004 - main - INFO - [req_1755933949003] Request started: GET http://localhost:8000/health
2025-08-23 02:25:49,006 - main - INFO - Health check endpoint accessed
2025-08-23 02:25:49,007 - main - INFO - [req_1755933949003] Request completed: 200 in 0.0043s
2025-08-23 02:26:14,957 - main - INFO - WebSocket connected. Total connections: 1
2025-08-23 02:26:15,004 - main - INFO - Message sent to connection 2021348462416: connection_established
2025-08-23 02:26:15,018 - main - INFO - Message sent to connection 2021348462416: test_connection
2025-08-23 02:26:15,057 - main - INFO - Test WebSocket received: {"type": "test_echo", "message": "Hello from Python test client!"}
2025-08-23 02:26:15,076 - main - ERROR - Error sending message to 2021348462416: 
2025-08-23 02:26:20,058 - main - ERROR - Error sending message to 2021348462416: Cannot call "send" once a close message has been sent.
2025-08-23 02:26:25,074 - main - ERROR - Error sending message to 2021348462416: Cannot call "send" once a close message has been sent.
2025-08-23 02:26:30,098 - main - ERROR - Error sending message to 2021348462416: Cannot call "send" once a close message has been sent.
2025-08-23 02:26:35,117 - main - ERROR - Error sending message to 2021348462416: Cannot call "send" once a close message has been sent.
2025-08-23 02:26:40,127 - main - ERROR - Error sending message to 2021348462416: Cannot call "send" once a close message has been sent.
2025-08-23 02:26:45,175 - main - ERROR - Error sending message to 2021348462416: Cannot call "send" once a close message has been sent.
2025-08-23 02:26:50,180 - main - ERROR - Error sending message to 2021348462416: Cannot call "send" once a close message has been sent.
2025-08-23 02:26:55,194 - main - ERROR - Error sending message to 2021348462416: Cannot call "send" once a close message has been sent.
2025-08-23 02:27:00,200 - main - ERROR - Error sending message to 2021348462416: Cannot call "send" once a close message has been sent.
2025-08-23 02:27:05,220 - main - ERROR - Error sending message to 2021348462416: Cannot call "send" once a close message has been sent.
2025-08-23 02:27:10,233 - main - ERROR - Error sending message to 2021348462416: Cannot call "send" once a close message has been sent.
2025-08-23 02:28:30,433 - main - INFO - [req_1755934110433] Request started: GET http://localhost:8000/health
2025-08-23 02:28:30,433 - main - INFO - Health check endpoint accessed
2025-08-23 02:28:30,433 - main - INFO - [req_1755934110433] Request completed: 200 in 0.0000s
2025-08-23 02:28:50,881 - main - INFO - WebSocket connected. Total connections: 1
2025-08-23 02:28:50,884 - main - INFO - Message sent to connection 2707242584656: connection_established
2025-08-23 02:28:50,884 - main - INFO - Message sent to connection 2707242584656: test_connection
2025-08-23 02:28:50,885 - main - INFO - Test WebSocket received: {"type": "test_echo", "message": "Hello from test!"}
2025-08-23 02:28:50,886 - main - INFO - Message sent to connection 2707242584656: test_echo_response
2025-08-23 02:28:50,898 - main - INFO - WebSocket disconnected. Total connections: 0
2025-08-23 02:28:50,899 - main - INFO - Test WebSocket 2707242584656 disconnected
2025-08-23 02:28:50,899 - main - INFO - Periodic updates cancelled for 2707242584656
2025-08-23 02:51:36,830 - __main__ - INFO - [req_1755935496830] Request started: GET http://localhost:8000/api/stream
2025-08-23 02:51:36,839 - __main__ - INFO - [req_1755935496830] Request completed: 404 in 0.0086s
2025-08-23 02:51:37,899 - __main__ - INFO - [req_1755935497899] Request started: GET http://localhost:8000/api/stream
2025-08-23 02:51:37,900 - __main__ - INFO - [req_1755935497899] Request completed: 404 in 0.0007s
2025-08-23 02:51:40,416 - __main__ - INFO - [req_1755935500416] Request started: GET http://localhost:8000/api/stream
2025-08-23 02:51:40,416 - __main__ - INFO - [req_1755935500416] Request completed: 404 in 0.0006s
2025-08-23 02:51:43,592 - __main__ - INFO - [req_1755935503592] Request started: GET http://localhost:8000/api/stream
2025-08-23 02:51:43,593 - __main__ - INFO - [req_1755935503592] Request completed: 404 in 0.0009s
2025-08-23 02:51:47,781 - __main__ - INFO - [req_1755935507780] Request started: GET http://localhost:8000/api/stream
2025-08-23 02:51:47,781 - __main__ - INFO - [req_1755935507780] Request completed: 404 in 0.0006s
2025-08-23 02:51:53,103 - __main__ - INFO - [req_1755935513103] Request started: GET http://localhost:8000/api/stream
2025-08-23 02:51:53,104 - __main__ - INFO - [req_1755935513103] Request completed: 404 in 0.0006s
2025-08-23 02:53:25,187 - main - INFO - [req_1755935605187] Request started: GET http://localhost:8000/api/stream
2025-08-23 02:53:25,187 - main - INFO - Streaming endpoint accessed for Task 1.2
2025-08-23 02:53:25,190 - main - INFO - [req_1755935605187] Request completed: 200 in 0.0027s
2025-08-23 02:55:11,266 - main - INFO - [req_1755935711266] Request started: GET http://localhost:8000/api/stream
2025-08-23 02:55:11,271 - main - INFO - Streaming endpoint accessed for Task 1.2
2025-08-23 02:55:11,277 - main - INFO - [req_1755935711266] Request completed: 200 in 0.0108s
2025-08-23 02:56:55,461 - main - WARNING - Convex client not available, install with: pip install convex
2025-08-23 02:56:57,357 - main - INFO - [req_1755935817357] Request started: GET http://localhost:8000/api/stream
2025-08-23 02:56:57,358 - main - INFO - Streaming endpoint accessed for Task 1.2
2025-08-23 02:56:57,359 - main - INFO - [req_1755935817357] Request completed: 200 in 0.0017s
2025-08-23 02:58:42,736 - main - INFO - [req_1755935922736] Request started: GET http://localhost:8000/api/stream
2025-08-23 02:58:42,736 - main - INFO - Streaming endpoint accessed for Task 1.2
2025-08-23 02:58:42,738 - main - INFO - [req_1755935922736] Request completed: 200 in 0.0019s
2025-08-23 03:00:28,467 - main - INFO - [req_1755936028467] Request started: GET http://localhost:8000/api/stream
2025-08-23 03:00:28,468 - main - INFO - Streaming endpoint accessed for Task 1.2
2025-08-23 03:00:28,470 - main - INFO - [req_1755936028467] Request completed: 200 in 0.0027s
2025-08-23 03:02:14,321 - main - INFO - [req_1755936134321] Request started: GET http://localhost:8000/api/stream
2025-08-23 03:02:14,322 - main - INFO - Streaming endpoint accessed for Task 1.2
2025-08-23 03:02:14,323 - main - INFO - [req_1755936134321] Request completed: 200 in 0.0020s
2025-08-23 03:03:25,272 - main - WARNING - Convex client not available, install with: pip install convex
2025-08-23 03:03:25,403 - main - INFO - [req_1755936205403] Request started: GET http://localhost:8000/api/stream
2025-08-23 03:03:25,410 - main - INFO - Streaming endpoint accessed for Task 1.2
2025-08-23 03:03:25,416 - main - INFO - [req_1755936205403] Request completed: 200 in 0.0124s
2025-08-23 03:03:39,903 - main - INFO - [req_1755936219903] Request started: POST http://localhost:8000/api/convex/test-session
2025-08-23 03:03:39,912 - main - INFO - [req_1755936219903] Request completed: 200 in 0.0097s
2025-08-23 03:04:00,295 - main - INFO - [req_1755936240294] Request started: GET http://localhost:8000/api/convex/test-sessions?limit=10
2025-08-23 03:04:00,298 - main - INFO - [req_1755936240294] Request completed: 200 in 0.0038s
2025-08-23 03:04:01,818 - main - INFO - [req_1755936241818] Request started: POST http://localhost:8000/api/convex/test-session
2025-08-23 03:04:01,819 - main - INFO - [req_1755936241818] Request completed: 200 in 0.0011s
2025-08-23 03:06:53,920 - main - INFO - [req_1755936413920] Request started: POST http://localhost:8000/api/convex/test-session
2025-08-23 03:06:53,981 - main - INFO - [req_1755936413920] Request completed: 200 in 0.0344s
2025-08-23 03:06:56,078 - main - INFO - [req_1755936416078] Request started: POST http://localhost:8000/api/convex/test-session
2025-08-23 03:06:56,096 - main - INFO - [req_1755936416078] Request completed: 200 in 0.0173s
2025-08-23 03:07:21,409 - __main__ - WARNING - CONVEX_URL not provided, Convex features will be disabled
2025-08-23 03:09:10,190 - main - WARNING - Convex client not available, install with: pip install convex
2025-08-23 03:09:34,895 - main - WARNING - Convex client not available, install with: pip install convex
2025-08-23 03:10:39,928 - __main__ - WARNING - CONVEX_URL not provided, Convex features will be disabled
2025-08-23 03:10:39,928 - __main__ - INFO - To set up Convex: 1) Run 'npx convex dev' 2) Set CONVEX_URL environment variable
2025-08-23 03:11:15,559 - main - INFO - [req_1755936675559] Request started: POST http://localhost:8000/api/convex/test-session
2025-08-23 03:11:15,581 - main - INFO - [req_1755936675559] Request completed: 200 in 0.0222s
